<?xml version="1.0" encoding="UTF-8"?>
<!-- Generated by org.testng.reporters.JUnitReportReporter -->
<testsuite hostname="DELL-PC" name="com.test.VerifyPlanBox" tests="1" failures="0" timestamp="12 Feb 2017 14:59:32 GMT" time="23.272" errors="0">
  <testcase name="verifyPlan" time="23.272" classname="com.test.VerifyPlanBox"/>
</testsuite> <!-- com.test.VerifyPlanBox -->
